#
# There is insufficient memory for the Java Runtime Environment to continue.
# Native memory allocation (malloc) failed to allocate 1796176 bytes for Chunk::new
# Possible reasons:
#   The system is out of physical RAM or swap space
#   The process is running with CompressedOops enabled, and the Java Heap may be blocking the growth of the native heap
# Possible solutions:
#   Reduce memory load on the system
#   Increase physical memory or swap space
#   Check if swap backing store is full
#   Decrease Java heap size (-Xmx/-Xms)
#   Decrease number of Java threads
#   Decrease Java thread stack sizes (-Xss)
#   Set larger code cache with -XX:ReservedCodeCacheSize=
#   JVM is running with Unscaled Compressed Oops mode in which the Java heap is
#     placed in the first 4GB address space. The Java Heap base address is the
#     maximum limit for the native heap growth. Please use -XX:HeapBaseMinAddress
#     to set the Java Heap base and to place the Java Heap above 4GB virtual address.
# This output file may be truncated or incomplete.
#
#  Out of Memory Error (arena.cpp:197), pid=4548, tid=12784
#
# JRE version: OpenJDK Runtime Environment Corretto-11.0.22.7.1 (11.0.22+7) (build 11.0.22+7-LTS)
# Java VM: OpenJDK 64-Bit Server VM Corretto-11.0.22.7.1 (11.0.22+7-LTS, mixed mode, tiered, compressed oops, g1 gc, windows-amd64)
# No core dump will be written. Minidumps are not enabled by default on client versions of Windows
#

---------------  S U M M A R Y ------------

Command Line: C:\Users\CHEL\AppData\Local\Temp\surefire2015349637888219945\surefirebooter-20240308113100377_3.jar C:\Users\CHEL\AppData\Local\Temp\surefire2015349637888219945 2024-03-08T11-30-58_263-jvmRun1 surefire-20240308113100377_1tmp surefire_0-20240308113100377_2tmp

Host: Intel(R) Core(TM) i3 CPU         540  @ 3.07GHz, 4 cores, 3G,  Windows 10 , 64 bit Build 19041 (10.0.19041.3636)
Time: Fri Mar  8 11:31:12 2024 RTZ 2 (s 10 , 64 bit Build 19041 (10.0.19041.3636) elapsed time: 7.910018 seconds (0d 0h 0m 7s)

---------------  T H R E A D  ---------------

Current thread (0x000002436194c000):  JavaThread "C2 CompilerThread0" daemon [_thread_in_native, id=12784, stack(0x000000d0ac600000,0x000000d0ac700000)]


Current CompileTask:
C2:   7910 1419       4       java.lang.invoke.MethodType::makeImpl (108 bytes)

Stack: [0x000000d0ac600000,0x000000d0ac700000]
Native frames: (J=compiled Java code, j=interpreted, Vv=VM code, C=native code)
V  [jvm.dll+0x64585a]
V  [jvm.dll+0x7d9bb9]
V  [jvm.dll+0x7db2b9]
V  [jvm.dll+0x7db9a3]
V  [jvm.dll+0x2694e5]
V  [jvm.dll+0xc1d7c]
V  [jvm.dll+0xc232c]
V  [jvm.dll+0x379967]
V  [jvm.dll+0x3446a5]
V  [jvm.dll+0x343a7a]
V  [jvm.dll+0x22173f]
V  [jvm.dll+0x220748]
V  [jvm.dll+0x19e521]
V  [jvm.dll+0x2305e9]
V  [jvm.dll+0x22e75f]
V  [jvm.dll+0x79ae51]
V  [jvm.dll+0x793b24]
V  [jvm.dll+0x644615]
C  [ucrtbase.dll+0x21bb2]
C  [KERNEL32.DLL+0x17344]
C  [ntdll.dll+0x526b1]


---------------  P R O C E S S  ---------------

Threads class SMR info:
_java_thread_list=0x000002436233a940, length=11, elements={
0x0000024345056000, 0x00000243618dd800, 0x00000243618e7800, 0x000002436193f000,
0x0000024361940000, 0x0000024361941000, 0x000002436194c000, 0x000002436194e800,
0x000002436194f800, 0x0000024361bd2800, 0x00000243630c6800
}

Java Threads: ( => current thread )
  0x0000024345056000 JavaThread "main" [_thread_blocked, id=7296, stack(0x000000d0aba00000,0x000000d0abb00000)]
  0x00000243618dd800 JavaThread "Reference Handler" daemon [_thread_blocked, id=10704, stack(0x000000d0ac100000,0x000000d0ac200000)]
  0x00000243618e7800 JavaThread "Finalizer" daemon [_thread_blocked, id=3640, stack(0x000000d0ac200000,0x000000d0ac300000)]
  0x000002436193f000 JavaThread "Signal Dispatcher" daemon [_thread_blocked, id=8784, stack(0x000000d0ac300000,0x000000d0ac400000)]
  0x0000024361940000 JavaThread "Attach Listener" daemon [_thread_blocked, id=268, stack(0x000000d0ac400000,0x000000d0ac500000)]
  0x0000024361941000 JavaThread "Service Thread" daemon [_thread_blocked, id=10892, stack(0x000000d0ac500000,0x000000d0ac600000)]
=>0x000002436194c000 JavaThread "C2 CompilerThread0" daemon [_thread_in_native, id=12784, stack(0x000000d0ac600000,0x000000d0ac700000)]
  0x000002436194e800 JavaThread "C1 CompilerThread0" daemon [_thread_blocked, id=4092, stack(0x000000d0ac700000,0x000000d0ac800000)]
  0x000002436194f800 JavaThread "Sweeper thread" daemon [_thread_blocked, id=11912, stack(0x000000d0ac800000,0x000000d0ac900000)]
  0x0000024361bd2800 JavaThread "Common-Cleaner" daemon [_thread_blocked, id=12356, stack(0x000000d0aca00000,0x000000d0acb00000)]
  0x00000243630c6800 JavaThread "surefire-forkedjvm-last-ditch-daemon-shutdown-thread-30s" daemon [_thread_blocked, id=8136, stack(0x000000d0ace00000,0x000000d0acf00000)]

Other Threads:
  0x00000243618ba800 VMThread "VM Thread" [stack: 0x000000d0ac000000,0x000000d0ac100000] [id=4932]
  0x0000024361bcd000 WatcherThread [stack: 0x000000d0ac900000,0x000000d0aca00000] [id=2076]
  0x000002434506e800 GCTaskThread "GC Thread#0" [stack: 0x000000d0abb00000,0x000000d0abc00000] [id=12476]
  0x0000024361bd7800 GCTaskThread "GC Thread#1" [stack: 0x000000d0acd00000,0x000000d0ace00000] [id=12660]
  0x0000024345088000 ConcurrentGCThread "G1 Main Marker" [stack: 0x000000d0abc00000,0x000000d0abd00000] [id=1016]
  0x0000024345089800 ConcurrentGCThread "G1 Conc#0" [stack: 0x000000d0abd00000,0x000000d0abe00000] [id=10344]
  0x00000243450d1800 ConcurrentGCThread "G1 Refine#0" [stack: 0x000000d0abe00000,0x000000d0abf00000] [id=7060]
  0x00000243450d2800 ConcurrentGCThread "G1 Young RemSet Sampling" [stack: 0x000000d0abf00000,0x000000d0ac000000] [id=9536]

Threads with active compile tasks:
C2 CompilerThread0     9724 1419       4       java.lang.invoke.MethodType::makeImpl (108 bytes)

VM state:not at safepoint (normal execution)

VM Mutex/Monitor currently owned by a thread: None

Heap address: 0x00000000c3200000, size: 974 MB, Compressed Oops mode: 32-bit
Narrow klass base: 0x0000000000000000, Narrow klass shift: 3
Compressed class space size: 1073741824 Address: 0x0000000100000000

Heap:
 garbage-first heap   total 63488K, used 21220K [0x00000000c3200000, 0x0000000100000000)
  region size 1024K, 18 young (18432K), 2 survivors (2048K)
 Metaspace       used 16184K, capacity 17005K, committed 17152K, reserved 1064960K
  class space    used 1712K, capacity 2027K, committed 2048K, reserved 1048576K
Heap Regions: E=young(eden), S=young(survivor), O=old, HS=humongous(starts), HC=humongous(continues), CS=collection set, F=free, A=archive, TAMS=top-at-mark-start (previous, next)
|   0|0x00000000c3200000, 0x00000000c32b9208, 0x00000000c3300000| 72%| O|  |TAMS 0x00000000c3200000, 0x00000000c3200000| Untracked 
|   1|0x00000000c3300000, 0x00000000c3400000, 0x00000000c3400000|100%|HS|  |TAMS 0x00000000c3300000, 0x00000000c3300000| Complete 
|   2|0x00000000c3400000, 0x00000000c3500000, 0x00000000c3500000|100%|HC|  |TAMS 0x00000000c3400000, 0x00000000c3400000| Complete 
|   3|0x00000000c3500000, 0x00000000c3600000, 0x00000000c3600000|100%|HC|  |TAMS 0x00000000c3500000, 0x00000000c3500000| Complete 
|   4|0x00000000c3600000, 0x00000000c3600000, 0x00000000c3700000|  0%| F|  |TAMS 0x00000000c3600000, 0x00000000c3600000| Untracked 
|   5|0x00000000c3700000, 0x00000000c3700000, 0x00000000c3800000|  0%| F|  |TAMS 0x00000000c3700000, 0x00000000c3700000| Untracked 
|   6|0x00000000c3800000, 0x00000000c3800000, 0x00000000c3900000|  0%| F|  |TAMS 0x00000000c3800000, 0x00000000c3800000| Untracked 
|   7|0x00000000c3900000, 0x00000000c3900000, 0x00000000c3a00000|  0%| F|  |TAMS 0x00000000c3900000, 0x00000000c3900000| Untracked 
|   8|0x00000000c3a00000, 0x00000000c3a00000, 0x00000000c3b00000|  0%| F|  |TAMS 0x00000000c3a00000, 0x00000000c3a00000| Untracked 
|   9|0x00000000c3b00000, 0x00000000c3b00000, 0x00000000c3c00000|  0%| F|  |TAMS 0x00000000c3b00000, 0x00000000c3b00000| Untracked 
|  10|0x00000000c3c00000, 0x00000000c3c00000, 0x00000000c3d00000|  0%| F|  |TAMS 0x00000000c3c00000, 0x00000000c3c00000| Untracked 
|  11|0x00000000c3d00000, 0x00000000c3d00000, 0x00000000c3e00000|  0%| F|  |TAMS 0x00000000c3d00000, 0x00000000c3d00000| Untracked 
|  12|0x00000000c3e00000, 0x00000000c3e00000, 0x00000000c3f00000|  0%| F|  |TAMS 0x00000000c3e00000, 0x00000000c3e00000| Untracked 
|  13|0x00000000c3f00000, 0x00000000c3f00000, 0x00000000c4000000|  0%| F|  |TAMS 0x00000000c3f00000, 0x00000000c3f00000| Untracked 
|  14|0x00000000c4000000, 0x00000000c4000000, 0x00000000c4100000|  0%| F|  |TAMS 0x00000000c4000000, 0x00000000c4000000| Untracked 
|  15|0x00000000c4100000, 0x00000000c4100000, 0x00000000c4200000|  0%| F|  |TAMS 0x00000000c4100000, 0x00000000c4100000| Untracked 
|  16|0x00000000c4200000, 0x00000000c4200000, 0x00000000c4300000|  0%| F|  |TAMS 0x00000000c4200000, 0x00000000c4200000| Untracked 
|  17|0x00000000c4300000, 0x00000000c4300000, 0x00000000c4400000|  0%| F|  |TAMS 0x00000000c4300000, 0x00000000c4300000| Untracked 
|  18|0x00000000c4400000, 0x00000000c4400000, 0x00000000c4500000|  0%| F|  |TAMS 0x00000000c4400000, 0x00000000c4400000| Untracked 
|  19|0x00000000c4500000, 0x00000000c4500000, 0x00000000c4600000|  0%| F|  |TAMS 0x00000000c4500000, 0x00000000c4500000| Untracked 
|  20|0x00000000c4600000, 0x00000000c4600000, 0x00000000c4700000|  0%| F|  |TAMS 0x00000000c4600000, 0x00000000c4600000| Untracked 
|  21|0x00000000c4700000, 0x00000000c4700000, 0x00000000c4800000|  0%| F|  |TAMS 0x00000000c4700000, 0x00000000c4700000| Untracked 
|  22|0x00000000c4800000, 0x00000000c4800000, 0x00000000c4900000|  0%| F|  |TAMS 0x00000000c4800000, 0x00000000c4800000| Untracked 
|  23|0x00000000c4900000, 0x00000000c4900000, 0x00000000c4a00000|  0%| F|  |TAMS 0x00000000c4900000, 0x00000000c4900000| Untracked 
|  24|0x00000000c4a00000, 0x00000000c4a00000, 0x00000000c4b00000|  0%| F|  |TAMS 0x00000000c4a00000, 0x00000000c4a00000| Untracked 
|  25|0x00000000c4b00000, 0x00000000c4b00000, 0x00000000c4c00000|  0%| F|  |TAMS 0x00000000c4b00000, 0x00000000c4b00000| Untracked 
|  26|0x00000000c4c00000, 0x00000000c4c00000, 0x00000000c4d00000|  0%| F|  |TAMS 0x00000000c4c00000, 0x00000000c4c00000| Untracked 
|  27|0x00000000c4d00000, 0x00000000c4d00000, 0x00000000c4e00000|  0%| F|  |TAMS 0x00000000c4d00000, 0x00000000c4d00000| Untracked 
|  28|0x00000000c4e00000, 0x00000000c4e00000, 0x00000000c4f00000|  0%| F|  |TAMS 0x00000000c4e00000, 0x00000000c4e00000| Untracked 
|  29|0x00000000c4f00000, 0x00000000c4f00000, 0x00000000c5000000|  0%| F|  |TAMS 0x00000000c4f00000, 0x00000000c4f00000| Untracked 
|  30|0x00000000c5000000, 0x00000000c5000000, 0x00000000c5100000|  0%| F|  |TAMS 0x00000000c5000000, 0x00000000c5000000| Untracked 
|  31|0x00000000c5100000, 0x00000000c5100000, 0x00000000c5200000|  0%| F|  |TAMS 0x00000000c5100000, 0x00000000c5100000| Untracked 
|  32|0x00000000c5200000, 0x00000000c5200000, 0x00000000c5300000|  0%| F|  |TAMS 0x00000000c5200000, 0x00000000c5200000| Untracked 
|  33|0x00000000c5300000, 0x00000000c5300000, 0x00000000c5400000|  0%| F|  |TAMS 0x00000000c5300000, 0x00000000c5300000| Untracked 
|  34|0x00000000c5400000, 0x00000000c5400000, 0x00000000c5500000|  0%| F|  |TAMS 0x00000000c5400000, 0x00000000c5400000| Untracked 
|  35|0x00000000c5500000, 0x00000000c5500000, 0x00000000c5600000|  0%| F|  |TAMS 0x00000000c5500000, 0x00000000c5500000| Untracked 
|  36|0x00000000c5600000, 0x00000000c5600000, 0x00000000c5700000|  0%| F|  |TAMS 0x00000000c5600000, 0x00000000c5600000| Untracked 
|  37|0x00000000c5700000, 0x00000000c5700000, 0x00000000c5800000|  0%| F|  |TAMS 0x00000000c5700000, 0x00000000c5700000| Untracked 
|  38|0x00000000c5800000, 0x00000000c5800000, 0x00000000c5900000|  0%| F|  |TAMS 0x00000000c5800000, 0x00000000c5800000| Untracked 
|  39|0x00000000c5900000, 0x00000000c5900000, 0x00000000c5a00000|  0%| F|  |TAMS 0x00000000c5900000, 0x00000000c5900000| Untracked 
|  40|0x00000000c5a00000, 0x00000000c5a00000, 0x00000000c5b00000|  0%| F|  |TAMS 0x00000000c5a00000, 0x00000000c5a00000| Untracked 
|  41|0x00000000c5b00000, 0x00000000c5b00000, 0x00000000c5c00000|  0%| F|  |TAMS 0x00000000c5b00000, 0x00000000c5b00000| Untracked 
|  42|0x00000000c5c00000, 0x00000000c5c00000, 0x00000000c5d00000|  0%| F|  |TAMS 0x00000000c5c00000, 0x00000000c5c00000| Untracked 
|  43|0x00000000c5d00000, 0x00000000c5d00000, 0x00000000c5e00000|  0%| F|  |TAMS 0x00000000c5d00000, 0x00000000c5d00000| Untracked 
|  44|0x00000000c5e00000, 0x00000000c5e3c3f0, 0x00000000c5f00000| 23%| E|  |TAMS 0x00000000c5e00000, 0x00000000c5e00000| Complete 
|  45|0x00000000c5f00000, 0x00000000c6000000, 0x00000000c6000000|100%| E|CS|TAMS 0x00000000c5f00000, 0x00000000c5f00000| Complete 
|  46|0x00000000c6000000, 0x00000000c6100000, 0x00000000c6100000|100%| S|CS|TAMS 0x00000000c6000000, 0x00000000c6000000| Complete 
|  47|0x00000000c6100000, 0x00000000c6200000, 0x00000000c6200000|100%| S|CS|TAMS 0x00000000c6100000, 0x00000000c6100000| Complete 
|  48|0x00000000c6200000, 0x00000000c6300000, 0x00000000c6300000|100%| E|CS|TAMS 0x00000000c6200000, 0x00000000c6200000| Complete 
|  49|0x00000000c6300000, 0x00000000c6400000, 0x00000000c6400000|100%| E|CS|TAMS 0x00000000c6300000, 0x00000000c6300000| Complete 
|  50|0x00000000c6400000, 0x00000000c6500000, 0x00000000c6500000|100%| E|CS|TAMS 0x00000000c6400000, 0x00000000c6400000| Complete 
|  51|0x00000000c6500000, 0x00000000c6600000, 0x00000000c6600000|100%| E|CS|TAMS 0x00000000c6500000, 0x00000000c6500000| Complete 
|  52|0x00000000c6600000, 0x00000000c6700000, 0x00000000c6700000|100%| E|CS|TAMS 0x00000000c6600000, 0x00000000c6600000| Complete 
|  53|0x00000000c6700000, 0x00000000c6800000, 0x00000000c6800000|100%| E|CS|TAMS 0x00000000c6700000, 0x00000000c6700000| Complete 
|  54|0x00000000c6800000, 0x00000000c6900000, 0x00000000c6900000|100%| E|CS|TAMS 0x00000000c6800000, 0x00000000c6800000| Complete 
|  55|0x00000000c6900000, 0x00000000c6a00000, 0x00000000c6a00000|100%| E|CS|TAMS 0x00000000c6900000, 0x00000000c6900000| Complete 
|  56|0x00000000c6a00000, 0x00000000c6b00000, 0x00000000c6b00000|100%| E|CS|TAMS 0x00000000c6a00000, 0x00000000c6a00000| Complete 
|  57|0x00000000c6b00000, 0x00000000c6c00000, 0x00000000c6c00000|100%| E|CS|TAMS 0x00000000c6b00000, 0x00000000c6b00000| Complete 
|  58|0x00000000c6c00000, 0x00000000c6d00000, 0x00000000c6d00000|100%| E|CS|TAMS 0x00000000c6c00000, 0x00000000c6c00000| Complete 
|  59|0x00000000c6d00000, 0x00000000c6e00000, 0x00000000c6e00000|100%| E|CS|TAMS 0x00000000c6d00000, 0x00000000c6d00000| Complete 
|  60|0x00000000c6e00000, 0x00000000c6f00000, 0x00000000c6f00000|100%| E|CS|TAMS 0x00000000c6e00000, 0x00000000c6e00000| Complete 
|  61|0x00000000c6f00000, 0x00000000c7000000, 0x00000000c7000000|100%| E|CS|TAMS 0x00000000c6f00000, 0x00000000c6f00000| Complete 

Card table byte_map: [0x000002435c9e0000,0x000002435cbd0000] _byte_map_base: 0x000002435c3c7000

Marking Bits (Prev, Next): (CMBitMap*) 0x0000024345083668, (CMBitMap*) 0x00000243450836a0
 Prev Bits: [0x000002435cdc0000, 0x000002435dcf8000)
 Next Bits: [0x000002435dd00000, 0x000002435ec38000)

Polling page: 0x0000024344830000

Metaspace:

Usage:
  Non-class:     14.63 MB capacity,    14.13 MB ( 97%) used,   423.15 KB (  3%) free+waste,    83.38 KB ( <1%) overhead. 
      Class:      1.98 MB capacity,     1.67 MB ( 85%) used,   272.04 KB ( 13%) free+waste,    42.12 KB (  2%) overhead. 
       Both:     16.61 MB capacity,    15.80 MB ( 95%) used,   695.19 KB (  4%) free+waste,   125.50 KB ( <1%) overhead. 

Virtual space:
  Non-class space:       16.00 MB reserved,      14.75 MB ( 92%) committed 
      Class space:        1.00 GB reserved,       2.00 MB ( <1%) committed 
             Both:        1.02 GB reserved,      16.75 MB (  2%) committed 

Chunk freelists:
   Non-Class:  0 bytes
       Class:  21.00 KB
        Both:  21.00 KB

MaxMetaspaceSize: 17179869184.00 GB
CompressedClassSpaceSize: 1.00 GB
Initial GC threshold: 20.80 MB
Current GC threshold: 20.80 MB
CDS: off

CodeHeap 'non-profiled nmethods': size=120064Kb used=458Kb max_used=458Kb free=119605Kb
 bounds [0x00000243552b0000, 0x0000024355520000, 0x000002435c7f0000]
CodeHeap 'profiled nmethods': size=120000Kb used=2891Kb max_used=2891Kb free=117108Kb
 bounds [0x000002434dd80000, 0x000002434e060000, 0x00000243552b0000]
CodeHeap 'non-nmethods': size=5696Kb used=1177Kb max_used=1185Kb free=4518Kb
 bounds [0x000002434d7f0000, 0x000002434da60000, 0x000002434dd80000]
 total_blobs=1906 nmethods=1465 adapters=354
 compilation: enabled
              stopped_count=0, restarted_count=0
 full_count=0

Compilation events (20 events):
Event: 7.703 Thread 0x000002436194e800 1453       3       sun.nio.cs.UTF_8$Encoder::encodeBufferLoop (326 bytes)
Event: 7.705 Thread 0x000002436194e800 nmethod 1453 0x000002434e04ca90 code [0x000002434e04ce60, 0x000002434e04e738]
Event: 7.705 Thread 0x000002436194e800 1455       3       java.nio.CharBuffer::position (8 bytes)
Event: 7.706 Thread 0x000002436194e800 nmethod 1455 0x000002434e04ed90 code [0x000002434e04ef40, 0x000002434e04f088]
Event: 7.706 Thread 0x000002436194e800 1454       1       java.nio.Buffer::capacity (5 bytes)
Event: 7.706 Thread 0x000002436194e800 nmethod 1454 0x0000024355321210 code [0x00000243553213c0, 0x0000024355321478]
Event: 7.706 Thread 0x000002436194e800 1456       1       java.nio.charset.CharsetEncoder::maxBytesPerChar (5 bytes)
Event: 7.706 Thread 0x000002436194e800 nmethod 1456 0x0000024355321510 code [0x00000243553216c0, 0x0000024355321778]
Event: 7.706 Thread 0x000002436194e800 1457       1       org.apache.maven.surefire.api.report.RunMode::getRunmodeBinary (5 bytes)
Event: 7.706 Thread 0x000002436194e800 nmethod 1457 0x0000024355321810 code [0x00000243553219c0, 0x0000024355321a78]
Event: 7.706 Thread 0x000002436194e800 1459       1       java.nio.HeapByteBuffer::isReadOnly (2 bytes)
Event: 7.706 Thread 0x000002436194e800 nmethod 1459 0x0000024355321b10 code [0x0000024355321cc0, 0x0000024355321d78]
Event: 7.706 Thread 0x000002436194e800 1460       1       org.apache.maven.surefire.api.util.internal.AbstractNoninterruptibleWritableChannel::isOpen (5 bytes)
Event: 7.706 Thread 0x000002436194e800 nmethod 1460 0x0000024355321e10 code [0x0000024355321fc0, 0x0000024355322078]
Event: 7.706 Thread 0x000002436194e800 1461       3       org.apache.maven.surefire.api.stream.AbstractStreamEncoder::nonNull (11 bytes)
Event: 7.706 Thread 0x000002436194e800 nmethod 1461 0x000002434e04f110 code [0x000002434e04f2c0, 0x000002434e04f3f8]
Event: 7.714 Thread 0x000002436194e800 1463       3       java.lang.invoke.DelegatingMethodHandle::<init> (10 bytes)
Event: 7.715 Thread 0x000002436194e800 nmethod 1463 0x000002434e04f490 code [0x000002434e04f680, 0x000002434e04fab8]
Event: 7.715 Thread 0x000002436194e800 1464       3       java.lang.invoke.DelegatingMethodHandle::chooseDelegatingForm (24 bytes)
Event: 7.716 Thread 0x000002436194e800 nmethod 1464 0x000002434e04fc10 code [0x000002434e04fde0, 0x000002434e050148]

GC Heap History (2 events):
Event: 6.067 GC heap before
{Heap before GC invocations=0 (full 0):
 garbage-first heap   total 63488K, used 13312K [0x00000000c3200000, 0x0000000100000000)
  region size 1024K, 14 young (14336K), 0 survivors (0K)
 Metaspace       used 11985K, capacity 12331K, committed 12672K, reserved 1060864K
  class space    used 1171K, capacity 1288K, committed 1408K, reserved 1048576K
}
Event: 6.082 GC heap after
{Heap after GC invocations=1 (full 0):
 garbage-first heap   total 63488K, used 2788K [0x00000000c3200000, 0x0000000100000000)
  region size 1024K, 2 young (2048K), 2 survivors (2048K)
 Metaspace       used 11985K, capacity 12331K, committed 12672K, reserved 1060864K
  class space    used 1171K, capacity 1288K, committed 1408K, reserved 1048576K
}

Deoptimization events (20 events):
Event: 6.359 Thread 0x0000024345056000 DEOPT PACKING pc=0x000002434df2fded sp=0x000000d0abafd4e0
Event: 6.359 Thread 0x0000024345056000 DEOPT UNPACKING pc=0x000002434d83a93f sp=0x000000d0abafc8f0 mode 0
Event: 6.528 Thread 0x0000024345056000 DEOPT PACKING pc=0x000002434de7a4ae sp=0x000000d0abafd2a0
Event: 6.528 Thread 0x0000024345056000 DEOPT UNPACKING pc=0x000002434d83a93f sp=0x000000d0abafc720 mode 0
Event: 6.536 Thread 0x0000024345056000 DEOPT PACKING pc=0x000002434de2cd00 sp=0x000000d0abafdf30
Event: 6.536 Thread 0x0000024345056000 DEOPT UNPACKING pc=0x000002434d83a93f sp=0x000000d0abafd448 mode 0
Event: 7.144 Thread 0x0000024345056000 DEOPT PACKING pc=0x000002434de7d893 sp=0x000000d0abafa470
Event: 7.144 Thread 0x0000024345056000 DEOPT UNPACKING pc=0x000002434d83a93f sp=0x000000d0abaf9948 mode 0
Event: 7.175 Thread 0x0000024345056000 DEOPT PACKING pc=0x000002434de5e65b sp=0x000000d0abafbbd0
Event: 7.176 Thread 0x0000024345056000 DEOPT UNPACKING pc=0x000002434d83a93f sp=0x000000d0abafb048 mode 0
Event: 7.185 Thread 0x0000024345056000 DEOPT PACKING pc=0x000002434de39338 sp=0x000000d0abafa610
Event: 7.185 Thread 0x0000024345056000 DEOPT UNPACKING pc=0x000002434d83a93f sp=0x000000d0abaf9b18 mode 0
Event: 7.273 Thread 0x0000024345056000 Uncommon trap: trap_request=0xffffff76 fr.pc=0x00000243552df53c relative=0x00000000000003fc
Event: 7.273 Thread 0x0000024345056000 Uncommon trap: reason=loop_limit_check action=maybe_recompile pc=0x00000243552df53c method=java.lang.StringLatin1.indexOf([BI[BII)I @ 37 c2
Event: 7.273 Thread 0x0000024345056000 DEOPT PACKING pc=0x00000243552df53c sp=0x000000d0abafcb80
Event: 7.273 Thread 0x0000024345056000 DEOPT UNPACKING pc=0x000002434d83a1a9 sp=0x000000d0abafcae0 mode 2
Event: 7.471 Thread 0x0000024345056000 Uncommon trap: trap_request=0xffffff4d fr.pc=0x00000243552c2664 relative=0x0000000000000044
Event: 7.471 Thread 0x0000024345056000 Uncommon trap: reason=unstable_if action=reinterpret pc=0x00000243552c2664 method=java.lang.CharacterData.of(I)Ljava/lang/CharacterData; @ 4 c2
Event: 7.471 Thread 0x0000024345056000 DEOPT PACKING pc=0x00000243552c2664 sp=0x000000d0abafa740
Event: 7.471 Thread 0x0000024345056000 DEOPT UNPACKING pc=0x000002434d83a1a9 sp=0x000000d0abafa6d8 mode 2

Classes redefined (0 events):
No events

Internal exceptions (20 events):
Event: 6.534 Thread 0x0000024345056000 Exception <a 'java/lang/NoSuchMethodError'{0x00000000c6cc2df8}: 'int java.lang.invoke.DirectMethodHandle$Holder.invokeStatic(java.lang.Object, java.lang.Object, java.lang.Object, java.lang.Object, java.lang.Object)'> (0x00000000c6cc2df8) thrown at [s\src\hotspot\share\interpreter\linkResolver.cpp, line 773]
Event: 6.570 Thread 0x0000024345056000 Exception <a 'java/lang/NoSuchMethodError'{0x00000000c6b1a0c8}: 'void java.lang.invoke.DirectMethodHandle$Holder.invokeStaticInit(java.lang.Object)'> (0x00000000c6b1a0c8) thrown at [s\src\hotspot\share\interpreter\linkResolver.cpp, line 773]
Event: 6.617 Thread 0x0000024345056000 Exception <a 'java/lang/NoSuchMethodError'{0x00000000c6b34798}: 'void java.lang.invoke.DirectMethodHandle$Holder.invokeSpecial(java.lang.Object, java.lang.Object)'> (0x00000000c6b34798) thrown at [s\src\hotspot\share\interpreter\linkResolver.cpp, line 773]
Event: 6.648 Thread 0x0000024345056000 Exception <a 'java/lang/NoSuchMethodError'{0x00000000c6bdc058}: 'void java.lang.invoke.DirectMethodHandle$Holder.invokeStaticInit(java.lang.Object, java.lang.Object, java.lang.Object, java.lang.Object)'> (0x00000000c6bdc058) thrown at [s\src\hotspot\share\interpreter\linkResolver.cpp, line 773]
Event: 6.706 Thread 0x0000024345056000 Exception <a 'java/lang/NoSuchMethodError'{0x00000000c6a5a758}: 'int java.lang.invoke.DirectMethodHandle$Holder.invokeStaticInit(java.lang.Object, java.lang.Object)'> (0x00000000c6a5a758) thrown at [s\src\hotspot\share\interpreter\linkResolver.cpp, line 773]
Event: 7.062 Thread 0x0000024345056000 Exception <a 'java/lang/IncompatibleClassChangeError'{0x00000000c684e508}: Found class java.lang.Object, but interface was expected> (0x00000000c684e508) thrown at [s\src\hotspot\share\interpreter\linkResolver.cpp, line 839]
Event: 7.063 Thread 0x0000024345056000 Exception <a 'java/lang/NoSuchMethodError'{0x00000000c6851f90}: 'int java.lang.invoke.DirectMethodHandle$Holder.invokeVirtual(java.lang.Object, java.lang.Object, java.lang.Object)'> (0x00000000c6851f90) thrown at [s\src\hotspot\share\interpreter\linkResolver.cpp, line 773]
Event: 7.243 Thread 0x0000024345056000 Exception <a 'java/lang/NoSuchMethodError'{0x00000000c67e8d80}: 'void java.lang.invoke.DirectMethodHandle$Holder.invokeInterface(java.lang.Object, java.lang.Object, java.lang.Object, java.lang.Object, java.lang.Object)'> (0x00000000c67e8d80) thrown at [s\src\hotspot\share\interpreter\linkResolver.cpp, line 773]
Event: 7.244 Thread 0x0000024345056000 Exception <a 'java/lang/IncompatibleClassChangeError'{0x00000000c67ec208}: Found class java.lang.Object, but interface was expected> (0x00000000c67ec208) thrown at [s\src\hotspot\share\interpreter\linkResolver.cpp, line 839]
Event: 7.247 Thread 0x0000024345056000 Exception <a 'java/lang/IncompatibleClassChangeError'{0x00000000c6601a78}: Found class java.lang.Object, but interface was expected> (0x00000000c6601a78) thrown at [s\src\hotspot\share\interpreter\linkResolver.cpp, line 839]
Event: 7.288 Thread 0x0000024345056000 Exception <a 'java/lang/NoSuchMethodError'{0x00000000c66428b0}: 'void java.lang.invoke.DirectMethodHandle$Holder.invokeStatic(java.lang.Object, java.lang.Object, java.lang.Object, java.lang.Object, java.lang.Object)'> (0x00000000c66428b0) thrown at [s\src\hotspot\share\interpreter\linkResolver.cpp, line 773]
Event: 7.289 Thread 0x0000024345056000 Exception <a 'java/lang/NoSuchMethodError'{0x00000000c6651248}: 'java.lang.Object java.lang.invoke.Invokers$Holder.linkToTargetMethod(java.lang.Object, java.lang.Object, java.lang.Object, java.lang.Object, java.lang.Object, java.lang.Object, java.lang.Object)'> (0x00000000c6651248) thrown at [s\src\hotspot\share\interpreter\linkResolver.cpp, line 773]
Event: 7.292 Thread 0x0000024345056000 Exception <a 'java/lang/NoSuchMethodError'{0x00000000c6664a80}: 'java.lang.Object java.lang.invoke.DirectMethodHandle$Holder.invokeInterface(java.lang.Object, java.lang.Object, java.lang.Object, java.lang.Object, java.lang.Object)'> (0x00000000c6664a80) thrown at [s\src\hotspot\share\interpreter\linkResolver.cpp, line 773]
Event: 7.292 Thread 0x0000024345056000 Exception <a 'java/lang/IncompatibleClassChangeError'{0x00000000c6668480}: Found class java.lang.Object, but interface was expected> (0x00000000c6668480) thrown at [s\src\hotspot\share\interpreter\linkResolver.cpp, line 839]
Event: 7.490 Thread 0x0000024345056000 Exception <a 'java/lang/NoSuchMethodError'{0x00000000c64a5e18}: 'java.lang.Object java.lang.invoke.DirectMethodHandle$Holder.invokeStatic(java.lang.Object, java.lang.Object, java.lang.Object, java.lang.Object, java.lang.Object, java.lang.Object, java.lang.Object, java.lang.Object, java.lang.Object, java.lang.Object, java.lang.Object, java.lang.Object, java.lang.Object, java.lang.Object, java.lang.Object)'> (0x00000000c64a5e18) thrown at [s\src\hotspot\share\interpreter\linkResolver.cpp, line 773]
Event: 7.492 Thread 0x0000024345056000 Exception <a 'java/lang/NoSuchMethodError'{0x00000000c64ba940}: 'java.lang.Object java.lang.invoke.DirectMethodHandle$Holder.invokeStatic(java.lang.Object, java.lang.Object, java.lang.Object, java.lang.Object, java.lang.Object, java.lang.Object, java.lang.Object, java.lang.Object, java.lang.Object, java.lang.Object, java.lang.Object, java.lang.Object, java.lang.Object, java.lang.Object, java.lang.Object, java.lang.Object)'> (0x00000000c64ba940) thrown at [s\src\hotspot\share\interpreter\linkResolver.cpp, l
Event: 7.493 Thread 0x0000024345056000 Exception <a 'java/lang/NoSuchMethodError'{0x00000000c64c8d10}: 'java.lang.Object java.lang.invoke.DirectMethodHandle$Holder.invokeSpecial(java.lang.Object, java.lang.Object, int, int, int, int, int, int, int)'> (0x00000000c64c8d10) thrown at [s\src\hotspot\share\interpreter\linkResolver.cpp, line 773]
Event: 7.493 Thread 0x0000024345056000 Exception <a 'java/lang/NoSuchMethodError'{0x00000000c64cc8c0}: 'java.lang.Object java.lang.invoke.DelegatingMethodHandle$Holder.reinvoke_L(java.lang.Object, int, int, int, int, int, int, int)'> (0x00000000c64cc8c0) thrown at [s\src\hotspot\share\interpreter\linkResolver.cpp, line 773]
Event: 7.649 Thread 0x0000024345056000 Exception <a 'java/lang/reflect/InvocationTargetException'{0x00000000c6200d28}> (0x00000000c6200d28) thrown at [s\src\hotspot\share\runtime\reflection.cpp, line 1245]
Event: 7.714 Thread 0x0000024345056000 Exception <a 'java/lang/NoSuchMethodError'{0x00000000c5f0b5a8}: 'void java.lang.invoke.DirectMethodHandle$Holder.invokeVirtual(java.lang.Object, java.lang.Object)'> (0x00000000c5f0b5a8) thrown at [s\src\hotspot\share\interpreter\linkResolver.cpp, line 773]

Events (20 events):
Event: 7.700 loading class org/apache/maven/surefire/api/util/internal/ImmutableMap$Node done
Event: 7.711 loading class org/junit/platform/launcher/core/OutcomeDelayingEngineExecutionListener$Outcome
Event: 7.711 loading class org/junit/platform/launcher/core/OutcomeDelayingEngineExecutionListener$Outcome done
Event: 7.713 loading class org/junit/platform/launcher/TestPlan
Event: 7.713 loading class org/junit/platform/launcher/TestPlan done
Event: 7.713 loading class org/junit/platform/launcher/TestPlan
Event: 7.713 loading class org/junit/platform/launcher/TestPlan done
Event: 7.713 loading class org/junit/platform/launcher/TestPlan
Event: 7.713 loading class org/junit/platform/launcher/TestPlan done
Event: 7.713 loading class org/junit/platform/launcher/TestPlan
Event: 7.713 loading class org/junit/platform/launcher/TestPlan done
Event: 7.715 loading class org/junit/platform/launcher/core/DefaultLauncherSession$ClosedLauncher
Event: 7.715 loading class org/junit/platform/launcher/core/DefaultLauncherSession$ClosedLauncher done
Event: 7.716 loading class org/apache/maven/surefire/api/suite/RunResult
Event: 7.716 loading class org/apache/maven/surefire/api/suite/RunResult done
Event: 7.717 loading class org/apache/maven/surefire/booter/ForkedBooter$6
Event: 7.717 loading class org/apache/maven/surefire/booter/ForkedBooter$6 done
Event: 7.717 loading class org/apache/maven/surefire/booter/ForkedBooter$7
Event: 7.717 loading class org/apache/maven/surefire/booter/ForkedBooter$7 done
Event: 7.718 Thread 0x00000243630c6800 Thread added: 0x00000243630c6800


Dynamic libraries:
0x00007ff65bd90000 - 0x00007ff65bd9e000 	C:\Users\CHEL\.jdks\corretto-11.0.22\bin\java.exe
0x00007ff90e030000 - 0x00007ff90e228000 	C:\WINDOWS\SYSTEM32\ntdll.dll
0x00007ff90cd30000 - 0x00007ff90cded000 	C:\WINDOWS\System32\KERNEL32.DLL
0x00007ff90bab0000 - 0x00007ff90bda6000 	C:\WINDOWS\System32\KERNELBASE.dll
0x00007ff90bfb0000 - 0x00007ff90c0b0000 	C:\WINDOWS\System32\ucrtbase.dll
0x00007ff9088c0000 - 0x00007ff9088d7000 	C:\Users\CHEL\.jdks\corretto-11.0.22\bin\jli.dll
0x00007ff900fa0000 - 0x00007ff900fbb000 	C:\Users\CHEL\.jdks\corretto-11.0.22\bin\VCRUNTIME140.dll
0x00007ff90d8f0000 - 0x00007ff90da8e000 	C:\WINDOWS\System32\USER32.dll
0x00007ff8fbc30000 - 0x00007ff8fbeca000 	C:\WINDOWS\WinSxS\amd64_microsoft.windows.common-controls_6595b64144ccf1df_6.0.19041.3636_none_60b6a03d71f818d5\COMCTL32.dll
0x00007ff90ba80000 - 0x00007ff90baa2000 	C:\WINDOWS\System32\win32u.dll
0x00007ff90c7e0000 - 0x00007ff90c87e000 	C:\WINDOWS\System32\msvcrt.dll
0x00007ff90cd00000 - 0x00007ff90cd2b000 	C:\WINDOWS\System32\GDI32.dll
0x00007ff90be40000 - 0x00007ff90bf57000 	C:\WINDOWS\System32\gdi32full.dll
0x00007ff90b810000 - 0x00007ff90b8ad000 	C:\WINDOWS\System32\msvcp_win.dll
0x00007ff90c3d0000 - 0x00007ff90c402000 	C:\WINDOWS\System32\IMM32.DLL
0x00007ff907a00000 - 0x00007ff907a0c000 	C:\Users\CHEL\.jdks\corretto-11.0.22\bin\vcruntime140_1.dll
0x00007ff8d9690000 - 0x00007ff8d971d000 	C:\Users\CHEL\.jdks\corretto-11.0.22\bin\msvcp140.dll
0x00007ff8baae0000 - 0x00007ff8bb6a3000 	C:\Users\CHEL\.jdks\corretto-11.0.22\bin\server\jvm.dll
0x00007ff90c1c0000 - 0x00007ff90c273000 	C:\WINDOWS\System32\ADVAPI32.dll
0x00007ff90da90000 - 0x00007ff90db2f000 	C:\WINDOWS\System32\sechost.dll
0x00007ff90cdf0000 - 0x00007ff90cf16000 	C:\WINDOWS\System32\RPCRT4.dll
0x00007ff90b7e0000 - 0x00007ff90b807000 	C:\WINDOWS\System32\bcrypt.dll
0x00007ff90c3c0000 - 0x00007ff90c3c8000 	C:\WINDOWS\System32\PSAPI.DLL
0x00007ff8ff0b0000 - 0x00007ff8ff0d7000 	C:\WINDOWS\SYSTEM32\WINMM.dll
0x00007ff9059a0000 - 0x00007ff9059a9000 	C:\WINDOWS\SYSTEM32\WSOCK32.dll
0x00007ff8ff0e0000 - 0x00007ff8ff0ea000 	C:\WINDOWS\SYSTEM32\VERSION.dll
0x00007ff90c350000 - 0x00007ff90c3bb000 	C:\WINDOWS\System32\WS2_32.dll
0x00007ff9095d0000 - 0x00007ff9095e2000 	C:\WINDOWS\SYSTEM32\kernel.appcore.dll
0x00007ff908780000 - 0x00007ff908790000 	C:\Users\CHEL\.jdks\corretto-11.0.22\bin\verify.dll
0x00007ff8f43f0000 - 0x00007ff8f45d4000 	C:\WINDOWS\SYSTEM32\DBGHELP.DLL
0x00007ff8f43b0000 - 0x00007ff8f43e4000 	C:\WINDOWS\SYSTEM32\dbgcore.DLL
0x00007ff90bdb0000 - 0x00007ff90be32000 	C:\WINDOWS\System32\bcryptPrimitives.dll
0x00007ff900da0000 - 0x00007ff900dc8000 	C:\Users\CHEL\.jdks\corretto-11.0.22\bin\java.dll
0x00007ff902d40000 - 0x00007ff902d4a000 	C:\Users\CHEL\.jdks\corretto-11.0.22\bin\jimage.dll
0x00007ff8edd90000 - 0x00007ff8edda8000 	C:\Users\CHEL\.jdks\corretto-11.0.22\bin\zip.dll
0x00007ff90d000000 - 0x00007ff90d745000 	C:\WINDOWS\System32\SHELL32.dll
0x00007ff9098b0000 - 0x00007ff90a04c000 	C:\WINDOWS\SYSTEM32\windows.storage.dll
0x00007ff90c480000 - 0x00007ff90c7d4000 	C:\WINDOWS\System32\combase.dll
0x00007ff90b140000 - 0x00007ff90b16e000 	C:\WINDOWS\SYSTEM32\Wldp.dll
0x00007ff90c280000 - 0x00007ff90c34d000 	C:\WINDOWS\System32\OLEAUT32.dll
0x00007ff90db30000 - 0x00007ff90dbdd000 	C:\WINDOWS\System32\SHCORE.dll
0x00007ff90c420000 - 0x00007ff90c475000 	C:\WINDOWS\System32\shlwapi.dll
0x00007ff90b710000 - 0x00007ff90b735000 	C:\WINDOWS\SYSTEM32\profapi.dll
0x00007ff8eb7b0000 - 0x00007ff8eb7c9000 	C:\Users\CHEL\.jdks\corretto-11.0.22\bin\net.dll
0x00007ff904750000 - 0x00007ff90485a000 	C:\WINDOWS\SYSTEM32\WINHTTP.dll
0x00007ff90aea0000 - 0x00007ff90af0a000 	C:\WINDOWS\system32\mswsock.dll
0x00007ff8eb6d0000 - 0x00007ff8eb6e2000 	C:\Users\CHEL\.jdks\corretto-11.0.22\bin\nio.dll
0x00007ff907b40000 - 0x00007ff907b49000 	C:\Users\CHEL\.jdks\corretto-11.0.22\bin\management.dll
0x00007ff907b30000 - 0x00007ff907b3b000 	C:\Users\CHEL\.jdks\corretto-11.0.22\bin\management_ext.dll

dbghelp: loaded successfully - version: 4.0.5 - missing functions: none
symbol engine: initialized successfully - sym options: 0x614 - pdb path: .;C:\Users\CHEL\.jdks\corretto-11.0.22\bin;C:\WINDOWS\SYSTEM32;C:\WINDOWS\WinSxS\amd64_microsoft.windows.common-controls_6595b64144ccf1df_6.0.19041.3636_none_60b6a03d71f818d5;C:\Users\CHEL\.jdks\corretto-11.0.22\bin\server

VM Arguments:
java_command: C:\Users\CHEL\AppData\Local\Temp\surefire2015349637888219945\surefirebooter-20240308113100377_3.jar C:\Users\CHEL\AppData\Local\Temp\surefire2015349637888219945 2024-03-08T11-30-58_263-jvmRun1 surefire-20240308113100377_1tmp surefire_0-20240308113100377_2tmp
java_class_path (initial): C:\Users\CHEL\AppData\Local\Temp\surefire2015349637888219945\surefirebooter-20240308113100377_3.jar
Launcher Type: SUN_STANDARD

[Global flags]
     intx CICompilerCount                          = 3                                         {product} {ergonomic}
     uint ConcGCThreads                            = 1                                         {product} {ergonomic}
     uint G1ConcRefinementThreads                  = 4                                         {product} {ergonomic}
   size_t G1HeapRegionSize                         = 1048576                                   {product} {ergonomic}
    uintx GCDrainStackTargetSize                   = 64                                        {product} {ergonomic}
   size_t InitialHeapSize                          = 65011712                                  {product} {ergonomic}
   size_t MarkStackSize                            = 4194304                                   {product} {ergonomic}
   size_t MaxHeapSize                              = 1021313024                                {product} {ergonomic}
   size_t MaxNewSize                               = 612368384                                 {product} {ergonomic}
   size_t MinHeapDeltaBytes                        = 1048576                                   {product} {ergonomic}
    uintx NonNMethodCodeHeapSize                   = 5830732                                {pd product} {ergonomic}
    uintx NonProfiledCodeHeapSize                  = 122913754                              {pd product} {ergonomic}
    uintx ProfiledCodeHeapSize                     = 122913754                              {pd product} {ergonomic}
    uintx ReservedCodeCacheSize                    = 251658240                              {pd product} {ergonomic}
     bool SegmentedCodeCache                       = true                                      {product} {ergonomic}
     bool UseCompressedClassPointers               = true                                 {lp64_product} {ergonomic}
     bool UseCompressedOops                        = true                                 {lp64_product} {ergonomic}
     bool UseG1GC                                  = true                                      {product} {ergonomic}
     bool UseLargePagesIndividualAllocation        = false                                  {pd product} {ergonomic}

Logging:
Log output configuration:
 #0: stdout all=warning uptime,level,tags
 #1: stderr all=off uptime,level,tags

Environment Variables:
PATH=C:\Program Files (x86)\Common Files\Oracle\Java\javapath;C:\WINDOWS\system32;C:\WINDOWS;C:\WINDOWS\System32\Wbem;C:\WINDOWS\System32\WindowsPowerShell\v1.0\;C:\WINDOWS\System32\OpenSSH\;C:\Program Files\dotnet\;C:\Program Files\Git\cmd;C:\python\Scripts\;C:\python\;C:\Users\CHEL\AppData\Local\Programs\Python\Launcher\;C:\Users\CHEL\AppData\Local\Microsoft\WindowsApps;;C:\Users\CHEL\AppData\Local\Programs\Microsoft VS Code\bin;C:\Program Files\JetBrains\IntelliJ IDEA Community Edition 2023.3.4\bin;
USERNAME=CHEL
OS=Windows_NT
PROCESSOR_IDENTIFIER=Intel64 Family 6 Model 37 Stepping 2, GenuineIntel
TMP=C:\Users\CHEL\AppData\Local\Temp
TEMP=C:\Users\CHEL\AppData\Local\Temp



---------------  S Y S T E M  ---------------

OS: Windows 10 , 64 bit Build 19041 (10.0.19041.3636)
OS uptime: 11 days 22:14 hours

CPU:total 4 (initial active 4) (2 cores per cpu, 2 threads per core) family 6 model 37 stepping 2 microcode 0x11, cmov, cx8, fxsr, mmx, sse, sse2, sse3, ssse3, sse4.1, sse4.2, popcnt, ht, tsc, tscinvbit

Memory: 4k page, system-wide physical 3893M (103M free)
TotalPageFile size 7893M (AvailPageFile size 15M)
current process WorkingSet (physical memory assigned to process): 77M, peak: 78M
current process commit charge ("private bytes"): 155M, peak: 157M

vm_info: OpenJDK 64-Bit Server VM (11.0.22+7-LTS) for windows-amd64 JRE (11.0.22+7-LTS), built on Jan 10 2024 19:54:00 by "Administrator" with MS VC++ 16.10 / 16.11 (VS2019)

END.
